<?xml version='1.0'?>
<ns2:test-suite xmlns:ns2='urn:model.allure.qatools.yandex.ru' start='1523630382564' stop='1523630402723'>
    <name>Testing the LOGIN PAGE for the Time Management System log in with fake credentials</name>
    <title>Testing the LOGIN PAGE for the Time Management System log in with fake credentials</title>
    <test-cases>
        <test-case start='1523630402498' status='passed' stop='1523630402649'>
            <name>I open the home page url "http://vcosta.com.br:8001"</name>
            <title>I open the home page url "http://vcosta.com.br:8001"</title>
            <labels>
                <label name='feature' value='Testing the LOGIN PAGE for the Time Management System'/>
                <label name='story' value='the navbar cannot appear on the login page'/>
                <label name='language' value='javascript'/>
                <label name='framework' value='wdio'/>
            </labels>
            <parameters>
                <parameter kind='argument' name='browser' value='chrome'/>
                <parameter kind='environment-variable' name='capabilities' value='{"maxInstances":1,"browserName":"chrome"}'/>
                <parameter kind='environment-variable' name='spec files' value='["D:\\Projects\\seleniumJS\\features\\login.feature"]'/>
            </parameters>
            <steps>
                <step start='1523630402498' status='passed' stop='1523630402598'>
                    <name>POST /wd/hub/session/8023bf00bd783fca0a387cea5564af2a/url</name>
                    <title>POST /wd/hub/session/8023bf00bd783fca0a387cea5564af2a/url</title>
                    <attachments>
                        <attachment title='Request' source='f043580a-e596-45d8-8008-65f713dfc0e8-attachment.json' type='application/json' size='43'/>
                        <attachment title='Response' source='6e33faa1-ab9e-490c-bca6-94e168cfe22f-attachment.json' type='application/json' size='91'/>
                    </attachments>
                    <steps/>
                </step>
                <step start='1523630402601' status='passed' stop='1523630402622'>
                    <name>POST /wd/hub/session/8023bf00bd783fca0a387cea5564af2a/element</name>
                    <title>POST /wd/hub/session/8023bf00bd783fca0a387cea5564af2a/element</title>
                    <attachments>
                        <attachment title='Request' source='ef4672fa-13ca-4f83-9298-54a815d6af74-attachment.json' type='application/json' size='99'/>
                        <attachment title='Response' source='c831e8bc-d8c6-40a0-9f70-bfc653cd2f52-attachment.json' type='application/json' size='137'/>
                    </attachments>
                    <steps/>
                </step>
                <step start='1523630402624' status='passed' stop='1523630402649'>
                    <name>POST /wd/hub/session/8023bf00bd783fca0a387cea5564af2a/elements</name>
                    <title>POST /wd/hub/session/8023bf00bd783fca0a387cea5564af2a/elements</title>
                    <attachments>
                        <attachment title='Request' source='453c9c0c-5214-4506-9317-36e2195037b0-attachment.json' type='application/json' size='99'/>
                        <attachment title='Response' source='1edd04e4-b7ed-480f-907d-f50819f73956-attachment.json' type='application/json' size='161'/>
                    </attachments>
                    <steps/>
                </step>
            </steps>
            <attachments/>
        </test-case>
        <test-case start='1523630402649' status='passed' stop='1523630402699'>
            <name>I am at the sign in page</name>
            <title>I am at the sign in page</title>
            <labels>
                <label name='feature' value='Testing the LOGIN PAGE for the Time Management System'/>
                <label name='story' value='the navbar cannot appear on the login page'/>
                <label name='language' value='javascript'/>
                <label name='framework' value='wdio'/>
            </labels>
            <parameters>
                <parameter kind='argument' name='browser' value='chrome'/>
                <parameter kind='environment-variable' name='capabilities' value='{"maxInstances":1,"browserName":"chrome"}'/>
                <parameter kind='environment-variable' name='spec files' value='["D:\\Projects\\seleniumJS\\features\\login.feature"]'/>
            </parameters>
            <steps>
                <step start='1523630402651' status='passed' stop='1523630402666'>
                    <name>POST /wd/hub/session/8023bf00bd783fca0a387cea5564af2a/element</name>
                    <title>POST /wd/hub/session/8023bf00bd783fca0a387cea5564af2a/element</title>
                    <attachments>
                        <attachment title='Request' source='9af8f4f0-7f22-4c66-8c4f-69e4ac13d2cf-attachment.json' type='application/json' size='99'/>
                        <attachment title='Response' source='0cf8ec8a-a519-41de-a45d-5ccb4a774b9d-attachment.json' type='application/json' size='137'/>
                    </attachments>
                    <steps/>
                </step>
                <step start='1523630402668' status='passed' stop='1523630402699'>
                    <name>GET /wd/hub/session/8023bf00bd783fca0a387cea5564af2a/element/0.11698611043360896-1/text</name>
                    <title>GET /wd/hub/session/8023bf00bd783fca0a387cea5564af2a/element/0.11698611043360896-1/text</title>
                    <attachments>
                        <attachment title='Response' source='4090b2a7-fa23-4a00-8067-4cb122e80649-attachment.json' type='application/json' size='170'/>
                    </attachments>
                    <steps/>
                </step>
            </steps>
            <attachments/>
        </test-case>
        <test-case start='1523630402699' status='failed' stop='1523630402722'>
            <name>The navbar cannot be visible</name>
            <title>The navbar cannot be visible</title>
            <labels>
                <label name='feature' value='Testing the LOGIN PAGE for the Time Management System'/>
                <label name='story' value='the navbar cannot appear on the login page'/>
                <label name='language' value='javascript'/>
                <label name='framework' value='wdio'/>
            </labels>
            <parameters>
                <parameter kind='argument' name='browser' value='chrome'/>
                <parameter kind='environment-variable' name='capabilities' value='{"maxInstances":1,"browserName":"chrome"}'/>
                <parameter kind='environment-variable' name='spec files' value='["D:\\Projects\\seleniumJS\\features\\login.feature"]'/>
            </parameters>
            <steps>
                <step start='1523630402701' status='passed' stop='1523630402720'>
                    <name>POST /wd/hub/session/8023bf00bd783fca0a387cea5564af2a/element</name>
                    <title>POST /wd/hub/session/8023bf00bd783fca0a387cea5564af2a/element</title>
                    <attachments>
                        <attachment title='Request' source='54f9e90b-ea6d-4211-b8ca-3133beeca99c-attachment.json' type='application/json' size='64'/>
                        <attachment title='Response' source='9eb29d97-d804-4d82-a6f3-a9635382b07f-attachment.json' type='application/json' size='137'/>
                    </attachments>
                    <steps/>
                </step>
            </steps>
            <attachments/>
            <failure>
                <message>expected { Object (sessionId, value, ...) } to not exist</message>
                <stack-trace>AssertionError: expected { Object (sessionId, value, ...) } to not exist
                    at World.&lt;anonymous> (D:/Projects/seleniumJS/src/step-definitions/login.spec.js:46:3)
                    at D:\Projects\seleniumJS\node_modules\wdio-sync\build\index.js:590:26
                    at new Promise (&lt;anonymous>)
                    at new F (D:\Projects\seleniumJS\node_modules\core-js\library\modules\_export.js:36:28)
                    at World.executeSync (D:\Projects\seleniumJS\node_modules\wdio-sync\build\index.js:588:12)
                    at D:\Projects\seleniumJS\node_modules\wdio-sync\build\index.js:210:29</stack-trace>
            </failure>
        </test-case>
    </test-cases>
</ns2:test-suite>